<?xml version="1.0" encoding="UTF-8"?>
<!-- Generated by org.testng.reporters.JUnitReportReporter -->
<testsuite skipped="0" hostname="Niks" name="com.saucedemo.testsuite.LoginTest" tests="2" failures="0" timestamp="2023-05-07T15:24:22 AEST" time="7.083" errors="0">
  <testcase name="userShouldLoginSuccessfullyWithValidCredentials" time="2.177" classname="com.saucedemo.testsuite.LoginTest"/>
  <system-out/>
  <testcase name="verifyThatSixProductsAreDisplayedOnPage" time="4.906" classname="com.saucedemo.testsuite.LoginTest"/>
  <system-out/>
</testsuite> <!-- com.saucedemo.testsuite.LoginTest -->
